<?xml version="1.0" encoding="UTF-8"?>
<!-- Generated by org.testng.reporters.JUnitReportReporter -->
<testsuite skipped="3" hostname="veureka-Inspiron-5567" name="romero.com.ExtendReportExample.CreateAccountTest" tests="3" failures="0" timestamp="24 Jan 2019 17:13:19 GMT" time="0.000" errors="0">
  <testcase name="createAccountExample1" time="0.000" classname="romero.com.ExtendReportExample.CreateAccountTest">
    <skipped/>
  </testcase> <!-- createAccountExample1 -->
  <testcase name="verifyCreateAnAccountPage" time="0.000" classname="romero.com.ExtendReportExample.CreateAccountTest">
    <skipped/>
  </testcase> <!-- verifyCreateAnAccountPage -->
  <testcase name="createAccountExample2" time="0.000" classname="romero.com.ExtendReportExample.CreateAccountTest">
    <skipped/>
  </testcase> <!-- createAccountExample2 -->
</testsuite> <!-- romero.com.ExtendReportExample.CreateAccountTest -->
