<?xml version="1.0" encoding="UTF-8"?>
<!-- Generated by org.testng.reporters.JUnitReportReporter -->
<testsuite skipped="4" hostname="veureka-Inspiron-5567" name="romero.com.ExtendReportExample.SignInPageTest" tests="4" failures="0" timestamp="24 Jan 2019 17:13:19 GMT" time="0.000" errors="0">
  <testcase name="SignInPageTestOne" time="0.000" classname="romero.com.ExtendReportExample.SignInPageTest">
    <skipped/>
  </testcase> <!-- SignInPageTestOne -->
  <testcase name="SignInPageTestThree" time="0.000" classname="romero.com.ExtendReportExample.SignInPageTest">
    <skipped/>
  </testcase> <!-- SignInPageTestThree -->
  <testcase name="SignInPageTestTwo" time="0.000" classname="romero.com.ExtendReportExample.SignInPageTest">
    <skipped/>
  </testcase> <!-- SignInPageTestTwo -->
  <testcase name="verifySignInFunction" time="0.000" classname="romero.com.ExtendReportExample.SignInPageTest">
    <skipped/>
  </testcase> <!-- verifySignInFunction -->
</testsuite> <!-- romero.com.ExtendReportExample.SignInPageTest -->
